{"level":"info","message":"::1 - - [10/May/2017:13:23:04 +0000] \"DELETE / HTTP/1.1\" 404 142\n","timestamp":"2017-05-10T13:23:04.702Z"}
{"level":"info","message":"::1 - - [10/May/2017:13:23:08 +0000] \"GET / HTTP/1.1\" 404 139\n","timestamp":"2017-05-10T13:23:08.903Z"}
{"level":"info","message":"::1 - - [10/May/2017:13:23:29 +0000] \"GET /api HTTP/1.1\" 200 39\n","timestamp":"2017-05-10T13:23:29.313Z"}
{"level":"info","message":"[Wed May 10 2017 18:23:59 GMT+0300 (Arab Standard Time)] Executing (default): INSERT INTO `Users` (`id`,`name`,`userName`,`password`,`email`,`major`,`created_at`,`updated_at`) VALUES (DEFAULT,'waleed','wawa','$2a$10$TYk2ukBgfLDh5MwrhmegOeoUETrjbjDF72HcMk89ckVio1SDtdXY6','wawa','ICS','2017-05-10 15:23:59','2017-05-10 15:23:59');","timestamp":"2017-05-10T15:23:59.646Z"}
{"level":"info","message":"::1 - - [10/May/2017:15:23:59 +0000] \"POST /api/register HTTP/1.1\" 200 274\n","timestamp":"2017-05-10T15:23:59.654Z"}
{"level":"info","message":"[Wed May 10 2017 18:26:06 GMT+0300 (Arab Standard Time)] Executing (default): SELECT `id`, `name`, `userName`, `password`, `email`, `major`, `created_at`, `updated_at` FROM `Users` AS `Users` WHERE `Users`.`email` = 'wawa' LIMIT 1;","timestamp":"2017-05-10T15:26:06.003Z"}
{"level":"info","message":"::1 - - [10/May/2017:15:26:06 +0000] \"POST /api/login HTTP/1.1\" 401 12\n","timestamp":"2017-05-10T15:26:06.062Z"}
{"level":"info","message":"[Wed May 10 2017 18:26:09 GMT+0300 (Arab Standard Time)] Executing (default): SELECT `id`, `name`, `userName`, `password`, `email`, `major`, `created_at`, `updated_at` FROM `Users` AS `Users` WHERE `Users`.`email` = 'wawa' LIMIT 1;","timestamp":"2017-05-10T15:26:09.287Z"}
{"level":"info","message":"::1 - - [10/May/2017:15:26:09 +0000] \"POST /api/login HTTP/1.1\" 200 111\n","timestamp":"2017-05-10T15:26:09.344Z"}
{"level":"info","message":"[Wed May 10 2017 18:26:21 GMT+0300 (Arab Standard Time)] Executing (default): SELECT `id`, `name`, `userName`, `password`, `email`, `major`, `created_at`, `updated_at` FROM `Users` AS `Users` WHERE `Users`.`email` = 'wawa' LIMIT 1;","timestamp":"2017-05-10T15:26:21.202Z"}
{"level":"info","message":"::1 - - [10/May/2017:15:26:21 +0000] \"POST /api/login HTTP/1.1\" 200 111\n","timestamp":"2017-05-10T15:26:21.259Z"}
{"level":"info","message":"[Wed May 10 2017 18:29:52 GMT+0300 (Arab Standard Time)] Executing (default): SELECT `id`, `name`, `userName`, `password`, `email`, `major`, `created_at`, `updated_at` FROM `Users` AS `Users` WHERE `Users`.`id` = 1;","timestamp":"2017-05-10T15:29:52.046Z"}
{"level":"info","message":"[Wed May 10 2017 18:29:52 GMT+0300 (Arab Standard Time)] Executing (default): SELECT `id`, `name`, `userName`, `password`, `email`, `major`, `created_at`, `updated_at` FROM `Users` AS `Users` WHERE `Users`.`id` = 1;","timestamp":"2017-05-10T15:29:52.050Z"}
{"level":"info","message":"::1 - - [10/May/2017:15:29:52 +0000] \"GET /api/user HTTP/1.1\" 200 274\n","timestamp":"2017-05-10T15:29:52.054Z"}
{"level":"info","message":"[Wed May 10 2017 18:30:28 GMT+0300 (Arab Standard Time)] Executing (default): SELECT `id`, `name`, `userName`, `password`, `email`, `major`, `created_at`, `updated_at` FROM `Users` AS `Users` WHERE `Users`.`id` = 1;","timestamp":"2017-05-10T15:30:28.150Z"}
{"level":"info","message":"[Wed May 10 2017 18:30:28 GMT+0300 (Arab Standard Time)] Executing (default): UPDATE `Users` SET `name`='Humayed',`updated_at`='2017-05-10 15:30:28' WHERE `id` = 1","timestamp":"2017-05-10T15:30:28.157Z"}
{"level":"info","message":"::1 - - [10/May/2017:15:30:28 +0000] \"PUT /api/user HTTP/1.1\" 204 -\n","timestamp":"2017-05-10T15:30:28.161Z"}
{"level":"info","message":"[Wed May 10 2017 18:30:37 GMT+0300 (Arab Standard Time)] Executing (default): SELECT `id`, `name`, `userName`, `password`, `email`, `major`, `created_at`, `updated_at` FROM `Users` AS `Users` WHERE `Users`.`id` = 1;","timestamp":"2017-05-10T15:30:37.981Z"}
{"level":"info","message":"[Wed May 10 2017 18:30:37 GMT+0300 (Arab Standard Time)] Executing (default): SELECT `id`, `name`, `userName`, `password`, `email`, `major`, `created_at`, `updated_at` FROM `Users` AS `Users` WHERE `Users`.`id` = 1;","timestamp":"2017-05-10T15:30:37.982Z"}
{"level":"info","message":"::1 - - [10/May/2017:15:30:37 +0000] \"GET /api/user HTTP/1.1\" 200 275\n","timestamp":"2017-05-10T15:30:37.984Z"}
{"level":"info","message":"::1 - - [10/May/2017:15:31:09 +0000] \"GET /api/logout HTTP/1.1\" 404 149\n","timestamp":"2017-05-10T15:31:09.767Z"}
{"level":"info","message":"::1 - - [10/May/2017:15:31:36 +0000] \"POST /api/logout HTTP/1.1\" 200 14\n","timestamp":"2017-05-10T15:31:36.256Z"}
{"level":"info","message":"[Wed May 10 2017 18:31:50 GMT+0300 (Arab Standard Time)] Executing (default): SELECT `id`, `name`, `userName`, `password`, `email`, `major`, `created_at`, `updated_at` FROM `Users` AS `Users` WHERE `Users`.`email` = 'wawa' LIMIT 1;","timestamp":"2017-05-10T15:31:50.150Z"}
{"level":"info","message":"::1 - - [10/May/2017:15:31:50 +0000] \"POST /api/login HTTP/1.1\" 200 111\n","timestamp":"2017-05-10T15:31:50.208Z"}
{"level":"info","message":"[Wed May 10 2017 18:32:03 GMT+0300 (Arab Standard Time)] Executing (default): SELECT `id`, `name`, `userName`, `password`, `email`, `major`, `created_at`, `updated_at` FROM `Users` AS `Users` WHERE `Users`.`id` = 1;","timestamp":"2017-05-10T15:32:03.411Z"}
{"level":"info","message":"[Wed May 10 2017 18:32:03 GMT+0300 (Arab Standard Time)] Executing (default): DELETE FROM `Users` WHERE `id` = 1","timestamp":"2017-05-10T15:32:03.414Z"}
{"level":"info","message":"::1 - - [10/May/2017:15:32:03 +0000] \"DELETE /api/user HTTP/1.1\" 204 -\n","timestamp":"2017-05-10T15:32:03.418Z"}
{"level":"info","message":"[Wed May 10 2017 18:32:36 GMT+0300 (Arab Standard Time)] Executing (default): SELECT `id`, `name`, `userName`, `password`, `email`, `major`, `created_at`, `updated_at` FROM `Users` AS `Users` WHERE `Users`.`id` = 1;","timestamp":"2017-05-10T15:32:36.338Z"}
{"level":"info","message":"::1 - - [10/May/2017:15:32:36 +0000] \"GET /api/user HTTP/1.1\" 401 -\n","timestamp":"2017-05-10T15:32:36.339Z"}
{"level":"info","message":"[Wed May 10 2017 18:34:20 GMT+0300 (Arab Standard Time)] Executing (default): SELECT `id`, `name`, `userName`, `password`, `email`, `major`, `created_at`, `updated_at` FROM `Users` AS `Users`;","timestamp":"2017-05-10T15:34:20.670Z"}
{"level":"info","message":"::1 - - [10/May/2017:15:34:20 +0000] \"GET /api/users HTTP/1.1\" 200 2\n","timestamp":"2017-05-10T15:34:20.671Z"}
{"level":"info","message":"[Wed May 10 2017 18:34:26 GMT+0300 (Arab Standard Time)] Executing (default): INSERT INTO `Users` (`id`,`name`,`userName`,`password`,`email`,`major`,`created_at`,`updated_at`) VALUES (DEFAULT,'waleed','wawa','$2a$10$4mPwNe//aueKIvAENv692ueYAJ/t8g50T6f4vx3DRAE696Oaf988.','wawa','ICS','2017-05-10 15:34:26','2017-05-10 15:34:26');","timestamp":"2017-05-10T15:34:26.170Z"}
{"level":"info","message":"::1 - - [10/May/2017:15:34:26 +0000] \"POST /api/register HTTP/1.1\" 200 274\n","timestamp":"2017-05-10T15:34:26.172Z"}
{"level":"info","message":"[Wed May 10 2017 18:34:30 GMT+0300 (Arab Standard Time)] Executing (default): SELECT `id`, `name`, `userName`, `password`, `email`, `major`, `created_at`, `updated_at` FROM `Users` AS `Users` WHERE `Users`.`email` = 'wawa' LIMIT 1;","timestamp":"2017-05-10T15:34:30.418Z"}
{"level":"info","message":"::1 - - [10/May/2017:15:34:30 +0000] \"POST /api/login HTTP/1.1\" 200 111\n","timestamp":"2017-05-10T15:34:30.474Z"}
{"level":"info","message":"[Wed May 10 2017 18:34:33 GMT+0300 (Arab Standard Time)] Executing (default): SELECT `id`, `name`, `userName`, `password`, `email`, `major`, `created_at`, `updated_at` FROM `Users` AS `Users`;","timestamp":"2017-05-10T15:34:33.254Z"}
{"level":"info","message":"::1 - - [10/May/2017:15:34:33 +0000] \"GET /api/users HTTP/1.1\" 200 318\n","timestamp":"2017-05-10T15:34:33.255Z"}
{"level":"info","message":"[Wed May 10 2017 18:35:00 GMT+0300 (Arab Standard Time)] Executing (default): SELECT `id`, `name`, `userName`, `password`, `email`, `major`, `created_at`, `updated_at` FROM `Users` AS `Users` WHERE `Users`.`id` = '2';","timestamp":"2017-05-10T15:35:00.724Z"}
{"level":"info","message":"::1 - - [10/May/2017:15:35:00 +0000] \"GET /api/user/2 HTTP/1.1\" 200 274\n","timestamp":"2017-05-10T15:35:00.725Z"}
{"level":"info","message":"[Wed May 10 2017 18:43:11 GMT+0300 (Arab Standard Time)] Executing (default): SELECT `id`, `name`, `department`, `university`, `created_at`, `updated_at` FROM `Professors` AS `Professors`;","timestamp":"2017-05-10T15:43:11.382Z"}
{"level":"info","message":"::1 - - [10/May/2017:15:43:11 +0000] \"GET /api/professors HTTP/1.1\" 200 430\n","timestamp":"2017-05-10T15:43:11.384Z"}
{"level":"info","message":"[Wed May 10 2017 18:43:31 GMT+0300 (Arab Standard Time)] Executing (default): SELECT `id`, `name`, `department`, `university`, `created_at`, `updated_at` FROM `Professors` AS `Professors` WHERE `Professors`.`id` = '1';","timestamp":"2017-05-10T15:43:31.961Z"}
{"level":"info","message":"::1 - - [10/May/2017:15:43:31 +0000] \"GET /api/professor/1 HTTP/1.1\" 200 180\n","timestamp":"2017-05-10T15:43:31.963Z"}
{"level":"info","message":"[Wed May 10 2017 18:43:46 GMT+0300 (Arab Standard Time)] Executing (default): SELECT `id`, `name`, `department`, `university`, `created_at`, `updated_at` FROM `Professors` AS `Professors`;","timestamp":"2017-05-10T15:43:46.224Z"}
{"level":"info","message":"::1 - - [10/May/2017:15:43:46 +0000] \"GET /api/professors HTTP/1.1\" 200 430\n","timestamp":"2017-05-10T15:43:46.225Z"}
{"level":"info","message":"[Wed May 10 2017 18:51:52 GMT+0300 (Arab Standard Time)] Executing (default): SELECT `id`, `name`, `userName`, `password`, `email`, `major`, `created_at`, `updated_at` FROM `Users` AS `Users` WHERE `Users`.`id` = 2;","timestamp":"2017-05-10T15:51:52.843Z"}
{"level":"info","message":"[Wed May 10 2017 18:51:52 GMT+0300 (Arab Standard Time)] Executing (default): INSERT INTO `Reviews` (`id`,`user_id`,`professor_id`,`created_at`,`updated_at`) VALUES (DEFAULT,2,'1','2017-05-10 15:51:52','2017-05-10 15:51:52');","timestamp":"2017-05-10T15:51:52.856Z"}
{"level":"info","message":"::1 - - [10/May/2017:15:51:52 +0000] \"POST /api/user/review/professor/1 HTTP/1.1\" 200 150\n","timestamp":"2017-05-10T15:51:52.863Z"}
{"level":"info","message":"[Wed May 10 2017 18:52:53 GMT+0300 (Arab Standard Time)] Executing (default): SELECT `id`, `name`, `userName`, `password`, `email`, `major`, `created_at`, `updated_at` FROM `Users` AS `Users` WHERE `Users`.`id` = 2;","timestamp":"2017-05-10T15:52:53.158Z"}
{"level":"info","message":"[Wed May 10 2017 18:52:53 GMT+0300 (Arab Standard Time)] Executing (default): INSERT INTO `Reviews` (`id`,`user_id`,`professor_id`,`rating`,`created_at`,`updated_at`) VALUES (DEFAULT,2,'1','4','2017-05-10 15:52:53','2017-05-10 15:52:53');","timestamp":"2017-05-10T15:52:53.161Z"}
{"level":"info","message":"::1 - - [10/May/2017:15:52:53 +0000] \"POST /api/user/review/professor/1 HTTP/1.1\" 200 169\n","timestamp":"2017-05-10T15:52:53.165Z"}
{"level":"info","message":"[Wed May 10 2017 18:53:08 GMT+0300 (Arab Standard Time)] Executing (default): SELECT `id`, `name`, `userName`, `password`, `email`, `major`, `created_at`, `updated_at` FROM `Users` AS `Users` WHERE `Users`.`id` = 2;","timestamp":"2017-05-10T15:53:08.205Z"}
{"level":"info","message":"[Wed May 10 2017 18:53:08 GMT+0300 (Arab Standard Time)] Executing (default): INSERT INTO `Reviews` (`id`,`user_id`,`professor_id`,`comments`,`rating`,`created_at`,`updated_at`) VALUES (DEFAULT,2,'1','Awesome professor !!!','4','2017-05-10 15:53:08','2017-05-10 15:53:08');","timestamp":"2017-05-10T15:53:08.208Z"}
{"level":"info","message":"::1 - - [10/May/2017:15:53:08 +0000] \"POST /api/user/review/professor/1 HTTP/1.1\" 200 210\n","timestamp":"2017-05-10T15:53:08.212Z"}
{"level":"info","message":"[Wed May 10 2017 18:53:59 GMT+0300 (Arab Standard Time)] Executing (default): SELECT `id`, `name`, `userName`, `password`, `email`, `major`, `created_at`, `updated_at` FROM `Users` AS `Users` WHERE `Users`.`id` = 2;","timestamp":"2017-05-10T15:53:59.390Z"}
{"level":"info","message":"[Wed May 10 2017 18:53:59 GMT+0300 (Arab Standard Time)] Executing (default): UPDATE `Reviews` SET `comments`='Awesome professor !!!',`rating`='4',`updated_at`='2017-05-10 15:53:59' WHERE `id` = '1'","timestamp":"2017-05-10T15:53:59.395Z"}
{"level":"info","message":"::1 - - [10/May/2017:15:53:59 +0000] \"PUT /api/user/review/1 HTTP/1.1\" 204 -\n","timestamp":"2017-05-10T15:53:59.397Z"}
{"level":"info","message":"[Wed May 10 2017 18:54:10 GMT+0300 (Arab Standard Time)] Executing (default): SELECT `id`, `name`, `userName`, `password`, `email`, `major`, `created_at`, `updated_at` FROM `Users` AS `Users` WHERE `Users`.`id` = 2;","timestamp":"2017-05-10T15:54:10.636Z"}
{"level":"info","message":"[Wed May 10 2017 18:54:10 GMT+0300 (Arab Standard Time)] Executing (default): SELECT `id`, `user_id`, `professor_id`, `comments`, `rating`, `created_at`, `updated_at` FROM `Reviews` AS `Reviews` WHERE `Reviews`.`user_id` = 2;","timestamp":"2017-05-10T15:54:10.640Z"}
{"level":"info","message":"::1 - - [10/May/2017:15:54:10 +0000] \"GET /api/user/reviews HTTP/1.1\" 200 715\n","timestamp":"2017-05-10T15:54:10.642Z"}
{"level":"info","message":"[Wed May 10 2017 18:55:06 GMT+0300 (Arab Standard Time)] Executing (default): SELECT `id`, `name`, `userName`, `password`, `email`, `major`, `created_at`, `updated_at` FROM `Users` AS `Users` WHERE `Users`.`id` = 2;","timestamp":"2017-05-10T15:55:06.278Z"}
{"level":"info","message":"[Wed May 10 2017 18:55:06 GMT+0300 (Arab Standard Time)] Executing (default): SELECT `id`, `user_id`, `professor_id`, `comments`, `rating`, `created_at`, `updated_at` FROM `Reviews` AS `Reviews` WHERE `Reviews`.`id` = '2';","timestamp":"2017-05-10T15:55:06.279Z"}
{"level":"info","message":"::1 - - [10/May/2017:15:55:06 +0000] \"GET /api/user/review/2 HTTP/1.1\" 200 187\n","timestamp":"2017-05-10T15:55:06.281Z"}
{"level":"info","message":"[Wed May 10 2017 18:55:51 GMT+0300 (Arab Standard Time)] Executing (default): SELECT `id`, `name`, `userName`, `password`, `email`, `major`, `created_at`, `updated_at` FROM `Users` AS `Users` WHERE `Users`.`id` = 2;","timestamp":"2017-05-10T15:55:51.155Z"}
{"level":"info","message":"[Wed May 10 2017 18:55:51 GMT+0300 (Arab Standard Time)] Executing (default): DELETE FROM `Reviews` WHERE `id` = '2'","timestamp":"2017-05-10T15:55:51.157Z"}
{"level":"info","message":"::1 - - [10/May/2017:15:55:51 +0000] \"DELETE /api/user/review/2 HTTP/1.1\" 204 -\n","timestamp":"2017-05-10T15:55:51.161Z"}
{"level":"info","message":"[Wed May 10 2017 18:56:07 GMT+0300 (Arab Standard Time)] Executing (default): SELECT `id`, `name`, `userName`, `password`, `email`, `major`, `created_at`, `updated_at` FROM `Users` AS `Users` WHERE `Users`.`id` = 2;","timestamp":"2017-05-10T15:56:07.001Z"}
{"level":"info","message":"[Wed May 10 2017 18:56:07 GMT+0300 (Arab Standard Time)] Executing (default): SELECT `id`, `user_id`, `professor_id`, `comments`, `rating`, `created_at`, `updated_at` FROM `Reviews` AS `Reviews` WHERE `Reviews`.`user_id` = 2;","timestamp":"2017-05-10T15:56:07.002Z"}
{"level":"info","message":"::1 - - [10/May/2017:15:56:07 +0000] \"GET /api/user/reviews HTTP/1.1\" 200 490\n","timestamp":"2017-05-10T15:56:07.005Z"}
{"level":"info","message":"[Wed May 10 2017 18:56:50 GMT+0300 (Arab Standard Time)] Executing (default): SELECT `id`, `user_id`, `professor_id`, `comments`, `rating`, `created_at`, `updated_at` FROM `Reviews` AS `Reviews`;","timestamp":"2017-05-10T15:56:50.737Z"}
{"level":"info","message":"::1 - - [10/May/2017:15:56:50 +0000] \"GET /api/reviews HTTP/1.1\" 200 490\n","timestamp":"2017-05-10T15:56:50.740Z"}
{"level":"info","message":"[Wed May 10 2017 18:57:46 GMT+0300 (Arab Standard Time)] Executing (default): SELECT `id`, `user_id`, `professor_id`, `comments`, `rating`, `created_at`, `updated_at` FROM `Reviews` AS `Reviews` WHERE `Reviews`.`user_id` = '1';","timestamp":"2017-05-10T15:57:46.884Z"}
{"level":"info","message":"::1 - - [10/May/2017:15:57:46 +0000] \"GET /api/reviews/user/1 HTTP/1.1\" 200 2\n","timestamp":"2017-05-10T15:57:46.886Z"}
{"level":"info","message":"[Wed May 10 2017 18:57:49 GMT+0300 (Arab Standard Time)] Executing (default): SELECT `id`, `user_id`, `professor_id`, `comments`, `rating`, `created_at`, `updated_at` FROM `Reviews` AS `Reviews` WHERE `Reviews`.`user_id` = '2';","timestamp":"2017-05-10T15:57:49.256Z"}
{"level":"info","message":"::1 - - [10/May/2017:15:57:49 +0000] \"GET /api/reviews/user/2 HTTP/1.1\" 200 490\n","timestamp":"2017-05-10T15:57:49.258Z"}
{"level":"info","message":"[Wed May 10 2017 18:58:23 GMT+0300 (Arab Standard Time)] Executing (default): SELECT `id`, `user_id`, `professor_id`, `comments`, `rating`, `created_at`, `updated_at` FROM `Reviews` AS `Reviews` WHERE `Reviews`.`professor_id` = '2';","timestamp":"2017-05-10T15:58:23.682Z"}
{"level":"info","message":"::1 - - [10/May/2017:15:58:23 +0000] \"GET /api/reviews/professor/2 HTTP/1.1\" 200 2\n","timestamp":"2017-05-10T15:58:23.684Z"}
{"level":"info","message":"[Wed May 10 2017 18:58:26 GMT+0300 (Arab Standard Time)] Executing (default): SELECT `id`, `user_id`, `professor_id`, `comments`, `rating`, `created_at`, `updated_at` FROM `Reviews` AS `Reviews` WHERE `Reviews`.`professor_id` = '1';","timestamp":"2017-05-10T15:58:26.390Z"}
{"level":"info","message":"::1 - - [10/May/2017:15:58:26 +0000] \"GET /api/reviews/professor/1 HTTP/1.1\" 200 490\n","timestamp":"2017-05-10T15:58:26.391Z"}
{"level":"info","message":"[Wed May 10 2017 18:59:02 GMT+0300 (Arab Standard Time)] Executing (default): SELECT `id`, `user_id`, `professor_id`, `comments`, `rating`, `created_at`, `updated_at` FROM `Reviews` AS `Reviews` WHERE `Reviews`.`professor_id` = '1' AND `Reviews`.`user_id` = '2';","timestamp":"2017-05-10T15:59:02.477Z"}
{"level":"info","message":"::1 - - [10/May/2017:15:59:02 +0000] \"GET /api/reviews/professor/1/user/2 HTTP/1.1\" 200 490\n","timestamp":"2017-05-10T15:59:02.480Z"}
{"level":"info","message":"[Wed May 10 2017 18:59:05 GMT+0300 (Arab Standard Time)] Executing (default): SELECT `id`, `user_id`, `professor_id`, `comments`, `rating`, `created_at`, `updated_at` FROM `Reviews` AS `Reviews` WHERE `Reviews`.`professor_id` = '1' AND `Reviews`.`user_id` = '1';","timestamp":"2017-05-10T15:59:05.097Z"}
{"level":"info","message":"::1 - - [10/May/2017:15:59:05 +0000] \"GET /api/reviews/professor/1/user/1 HTTP/1.1\" 200 2\n","timestamp":"2017-05-10T15:59:05.099Z"}
{"level":"info","message":"[Wed May 10 2017 18:59:07 GMT+0300 (Arab Standard Time)] Executing (default): SELECT `id`, `user_id`, `professor_id`, `comments`, `rating`, `created_at`, `updated_at` FROM `Reviews` AS `Reviews` WHERE `Reviews`.`professor_id` = '1' AND `Reviews`.`user_id` = '2';","timestamp":"2017-05-10T15:59:07.363Z"}
{"level":"info","message":"::1 - - [10/May/2017:15:59:07 +0000] \"GET /api/reviews/professor/1/user/2 HTTP/1.1\" 200 490\n","timestamp":"2017-05-10T15:59:07.364Z"}
{"level":"info","message":"[Sun May 21 2017 17:41:42 GMT+0300 (+03)] Executing (default): INSERT INTO `Users` (`id`,`name`,`userName`,`password`,`email`,`major`,`created_at`,`updated_at`) VALUES (DEFAULT,'waleed','wawa','$2a$10$wdiT6GhINZdYoGe2QpoEe.7hABua3if8skQlTnXvg49JLQJ15x8hi','wawa','ICS','2017-05-21 14:41:42','2017-05-21 14:41:42');","timestamp":"2017-05-21T14:41:42.959Z"}
{"level":"info","message":"::1 - - [21/May/2017:14:41:42 +0000] \"POST /api/register HTTP/1.1\" 200 274\n","timestamp":"2017-05-21T14:41:42.980Z"}
{"level":"info","message":"[Sun May 21 2017 17:42:06 GMT+0300 (+03)] Executing (default): SELECT `id`, `name`, `userName`, `password`, `email`, `major`, `created_at`, `updated_at` FROM `Users` AS `Users` WHERE `Users`.`email` = 'wawa' LIMIT 1;","timestamp":"2017-05-21T14:42:06.122Z"}
{"level":"info","message":"::1 - - [21/May/2017:14:42:06 +0000] \"POST /api/login HTTP/1.1\" 200 111\n","timestamp":"2017-05-21T14:42:06.223Z"}
{"level":"info","message":"[Sun May 21 2017 17:42:45 GMT+0300 (+03)] Executing (default): SELECT `id`, `name`, `userName`, `password`, `email`, `major`, `created_at`, `updated_at` FROM `Users` AS `Users` WHERE `Users`.`id` = 1;","timestamp":"2017-05-21T14:42:45.585Z"}
{"level":"info","message":"[Sun May 21 2017 17:42:45 GMT+0300 (+03)] Executing (default): UPDATE `Users` SET `name`='Humayed',`updated_at`='2017-05-21 14:42:45' WHERE `id` = 1","timestamp":"2017-05-21T14:42:45.598Z"}
{"level":"info","message":"::1 - - [21/May/2017:14:42:45 +0000] \"PUT /api/user HTTP/1.1\" 204 -\n","timestamp":"2017-05-21T14:42:45.609Z"}
{"level":"info","message":"::1 - - [21/May/2017:14:43:10 +0000] \"POST /api/logout HTTP/1.1\" 200 14\n","timestamp":"2017-05-21T14:43:10.611Z"}
{"level":"info","message":"::1 - - [21/May/2017:14:43:19 +0000] \"PUT /api/user HTTP/1.1\" 401 -\n","timestamp":"2017-05-21T14:43:19.472Z"}
{"level":"info","message":"[Sun May 21 2017 17:43:27 GMT+0300 (+03)] Executing (default): SELECT `id`, `name`, `userName`, `password`, `email`, `major`, `created_at`, `updated_at` FROM `Users` AS `Users` WHERE `Users`.`email` = 'wawa' LIMIT 1;","timestamp":"2017-05-21T14:43:27.746Z"}
{"level":"info","message":"::1 - - [21/May/2017:14:43:27 +0000] \"POST /api/login HTTP/1.1\" 200 111\n","timestamp":"2017-05-21T14:43:27.845Z"}
{"level":"info","message":"[Sun May 21 2017 17:43:37 GMT+0300 (+03)] Executing (default): SELECT `id`, `name`, `userName`, `password`, `email`, `major`, `created_at`, `updated_at` FROM `Users` AS `Users` WHERE `Users`.`id` = 1;","timestamp":"2017-05-21T14:43:37.719Z"}
{"level":"info","message":"[Sun May 21 2017 17:43:37 GMT+0300 (+03)] Executing (default): SELECT `id`, `name`, `userName`, `password`, `email`, `major`, `created_at`, `updated_at` FROM `Users` AS `Users` WHERE `Users`.`id` = 1;","timestamp":"2017-05-21T14:43:37.725Z"}
{"level":"info","message":"::1 - - [21/May/2017:14:43:37 +0000] \"GET /api/user HTTP/1.1\" 200 275\n","timestamp":"2017-05-21T14:43:37.731Z"}
{"level":"info","message":"[Sun May 21 2017 17:44:30 GMT+0300 (+03)] Executing (default): SELECT `id`, `name`, `userName`, `password`, `email`, `major`, `created_at`, `updated_at` FROM `Users` AS `Users` WHERE `Users`.`id` = 1;","timestamp":"2017-05-21T14:44:30.564Z"}
{"level":"info","message":"[Sun May 21 2017 17:44:30 GMT+0300 (+03)] Executing (default): SELECT `id`, `name`, `userName`, `password`, `email`, `major`, `created_at`, `updated_at` FROM `Users` AS `Users` WHERE `Users`.`id` = 1;","timestamp":"2017-05-21T14:44:30.572Z"}
{"level":"info","message":"::1 - - [21/May/2017:14:44:30 +0000] \"GET /api/user HTTP/1.1\" 304 -\n","timestamp":"2017-05-21T14:44:30.578Z"}
{"level":"info","message":"::1 - - [21/May/2017:14:44:31 +0000] \"GET /favicon.ico HTTP/1.1\" 404 150\n","timestamp":"2017-05-21T14:44:31.566Z"}
{"level":"info","message":"[Sun May 21 2017 17:46:36 GMT+0300 (+03)] Executing (default): SELECT `id`, `name`, `department`, `university`, `created_at`, `updated_at` FROM `Professors` AS `Professors`;","timestamp":"2017-05-21T14:46:36.537Z"}
{"level":"info","message":"::1 - - [21/May/2017:14:46:36 +0000] \"GET /api/professors HTTP/1.1\" 200 216\n","timestamp":"2017-05-21T14:46:36.542Z"}
{"level":"info","message":"[Sun May 21 2017 17:46:43 GMT+0300 (+03)] Executing (default): SELECT `id`, `name`, `department`, `university`, `created_at`, `updated_at` FROM `Professors` AS `Professors` WHERE `Professors`.`id` = '1';","timestamp":"2017-05-21T14:46:43.451Z"}
{"level":"info","message":"::1 - - [21/May/2017:14:46:43 +0000] \"GET /api/professor/1 HTTP/1.1\" 200 180\n","timestamp":"2017-05-21T14:46:43.456Z"}
{"level":"info","message":"[Sun May 21 2017 17:46:55 GMT+0300 (+03)] Executing (default): SELECT `id`, `name`, `userName`, `password`, `email`, `major`, `created_at`, `updated_at` FROM `Users` AS `Users`;","timestamp":"2017-05-21T14:46:55.170Z"}
{"level":"info","message":"::1 - - [21/May/2017:14:46:55 +0000] \"GET /api/users HTTP/1.1\" 200 319\n","timestamp":"2017-05-21T14:46:55.172Z"}
{"level":"info","message":"[Sun May 21 2017 17:47:01 GMT+0300 (+03)] Executing (default): SELECT `id`, `name`, `userName`, `password`, `email`, `major`, `created_at`, `updated_at` FROM `Users` AS `Users` WHERE `Users`.`id` = '2';","timestamp":"2017-05-21T14:47:01.373Z"}
{"level":"info","message":"::1 - - [21/May/2017:14:47:01 +0000] \"GET /api/user/2 HTTP/1.1\" 404 9\n","timestamp":"2017-05-21T14:47:01.376Z"}
{"level":"info","message":"[Sun May 21 2017 17:47:04 GMT+0300 (+03)] Executing (default): SELECT `id`, `name`, `userName`, `password`, `email`, `major`, `created_at`, `updated_at` FROM `Users` AS `Users` WHERE `Users`.`id` = '1';","timestamp":"2017-05-21T14:47:04.029Z"}
{"level":"info","message":"::1 - - [21/May/2017:14:47:04 +0000] \"GET /api/user/1 HTTP/1.1\" 200 275\n","timestamp":"2017-05-21T14:47:04.032Z"}
{"level":"info","message":"[Sun May 21 2017 17:47:32 GMT+0300 (+03)] Executing (default): SELECT `id`, `user_id`, `professor_id`, `comments`, `rating`, `difficulty`, `created_at`, `updated_at` FROM `Reviews` AS `Reviews`;","timestamp":"2017-05-21T14:47:32.456Z"}
{"level":"info","message":"::1 - - [21/May/2017:14:47:32 +0000] \"GET /api/reviews HTTP/1.1\" 200 2\n","timestamp":"2017-05-21T14:47:32.459Z"}
{"level":"info","message":"[Sun May 21 2017 17:48:08 GMT+0300 (+03)] Executing (default): SELECT `id`, `name`, `userName`, `password`, `email`, `major`, `created_at`, `updated_at` FROM `Users` AS `Users` WHERE `Users`.`id` = 1;","timestamp":"2017-05-21T14:48:08.477Z"}
{"level":"info","message":"::1 - - [21/May/2017:14:48:08 +0000] \"POST /api/user/review/professor/1 HTTP/1.1\" 412 56\n","timestamp":"2017-05-21T14:48:08.484Z"}
{"level":"info","message":"[Sun May 21 2017 17:48:15 GMT+0300 (+03)] Executing (default): SELECT `id`, `name`, `userName`, `password`, `email`, `major`, `created_at`, `updated_at` FROM `Users` AS `Users` WHERE `Users`.`id` = 1;","timestamp":"2017-05-21T14:48:15.658Z"}
{"level":"info","message":"[Sun May 21 2017 17:48:15 GMT+0300 (+03)] Executing (default): INSERT INTO `Reviews` (`id`,`user_id`,`professor_id`,`comments`,`rating`,`created_at`,`updated_at`) VALUES (DEFAULT,1,'1','Awesome professor !!!','5','2017-05-21 14:48:15','2017-05-21 14:48:15');","timestamp":"2017-05-21T14:48:15.666Z"}
{"level":"info","message":"::1 - - [21/May/2017:14:48:15 +0000] \"POST /api/user/review/professor/1 HTTP/1.1\" 200 210\n","timestamp":"2017-05-21T14:48:15.670Z"}
{"level":"info","message":"[Sun May 21 2017 17:48:29 GMT+0300 (+03)] Executing (default): SELECT `id`, `user_id`, `professor_id`, `comments`, `rating`, `difficulty`, `created_at`, `updated_at` FROM `Reviews` AS `Reviews`;","timestamp":"2017-05-21T14:48:29.573Z"}
{"level":"info","message":"::1 - - [21/May/2017:14:48:29 +0000] \"GET /api/reviews HTTP/1.1\" 200 274\n","timestamp":"2017-05-21T14:48:29.576Z"}
{"level":"info","message":"[Sun May 21 2017 17:48:36 GMT+0300 (+03)] Executing (default): SELECT `id`, `user_id`, `professor_id`, `comments`, `rating`, `difficulty`, `created_at`, `updated_at` FROM `Reviews` AS `Reviews` WHERE `Reviews`.`professor_id` = '1';","timestamp":"2017-05-21T14:48:36.978Z"}
{"level":"info","message":"::1 - - [21/May/2017:14:48:36 +0000] \"GET /api/reviews/professor/1 HTTP/1.1\" 200 274\n","timestamp":"2017-05-21T14:48:36.983Z"}
{"level":"info","message":"[Sun May 21 2017 17:48:50 GMT+0300 (+03)] Executing (default): SELECT `id`, `name`, `userName`, `password`, `email`, `major`, `created_at`, `updated_at` FROM `Users` AS `Users` WHERE `Users`.`id` = 1;","timestamp":"2017-05-21T14:48:50.555Z"}
{"level":"info","message":"[Sun May 21 2017 17:48:50 GMT+0300 (+03)] Executing (default): SELECT `id`, `user_id`, `professor_id`, `comments`, `rating`, `difficulty`, `created_at`, `updated_at` FROM `Reviews` AS `Reviews` WHERE `Reviews`.`user_id` = 1;","timestamp":"2017-05-21T14:48:50.559Z"}
{"level":"info","message":"::1 - - [21/May/2017:14:48:50 +0000] \"GET /api/user/reviews HTTP/1.1\" 200 274\n","timestamp":"2017-05-21T14:48:50.565Z"}
{"level":"info","message":"[Sun May 21 2017 17:49:03 GMT+0300 (+03)] Executing (default): SELECT `id`, `name`, `userName`, `password`, `email`, `major`, `created_at`, `updated_at` FROM `Users` AS `Users` WHERE `Users`.`id` = 1;","timestamp":"2017-05-21T14:49:03.471Z"}
{"level":"info","message":"[Sun May 21 2017 17:49:03 GMT+0300 (+03)] Executing (default): UPDATE `Reviews` SET `comments`='Awesome professor !!!',`rating`='0',`updated_at`='2017-05-21 14:49:03' WHERE `id` = '1'","timestamp":"2017-05-21T14:49:03.477Z"}
{"level":"info","message":"::1 - - [21/May/2017:14:49:03 +0000] \"PUT /api/user/review/1 HTTP/1.1\" 204 -\n","timestamp":"2017-05-21T14:49:03.480Z"}
{"level":"info","message":"[Sun May 21 2017 17:49:36 GMT+0300 (+03)] Executing (default): SELECT `id`, `name`, `userName`, `password`, `email`, `major`, `created_at`, `updated_at` FROM `Users` AS `Users` WHERE `Users`.`id` = 1;","timestamp":"2017-05-21T14:49:36.876Z"}
{"level":"info","message":"[Sun May 21 2017 17:49:36 GMT+0300 (+03)] Executing (default): UPDATE `Reviews` SET `comments`='Awesome professor !!!',`rating`='0',`difficulty`='5',`updated_at`='2017-05-21 14:49:36' WHERE `id` = '1'","timestamp":"2017-05-21T14:49:36.881Z"}
{"level":"info","message":"::1 - - [21/May/2017:14:49:36 +0000] \"PUT /api/user/review/1 HTTP/1.1\" 204 -\n","timestamp":"2017-05-21T14:49:36.883Z"}
{"level":"info","message":"[Sun May 21 2017 17:49:52 GMT+0300 (+03)] Executing (default): SELECT `id`, `name`, `userName`, `password`, `email`, `major`, `created_at`, `updated_at` FROM `Users` AS `Users` WHERE `Users`.`id` = 1;","timestamp":"2017-05-21T14:49:52.445Z"}
{"level":"info","message":"[Sun May 21 2017 17:49:52 GMT+0300 (+03)] Executing (default): DELETE FROM `Reviews` WHERE `id` = '1'","timestamp":"2017-05-21T14:49:52.453Z"}
{"level":"info","message":"::1 - - [21/May/2017:14:49:52 +0000] \"DELETE /api/user/review/1 HTTP/1.1\" 204 -\n","timestamp":"2017-05-21T14:49:52.458Z"}
{"level":"info","message":"::1 - - [21/May/2017:14:53:13 +0000] \"GET /api/user HTTP/1.1\" 401 -\n","timestamp":"2017-05-21T14:53:13.937Z"}
{"level":"info","message":"::1 - - [21/May/2017:14:53:17 +0000] \"GET /api/user HTTP/1.1\" 401 -\n","timestamp":"2017-05-21T14:53:17.852Z"}
{"level":"info","message":"::1 - - [21/May/2017:14:53:17 +0000] \"GET /api/skills HTTP/1.1\" 404 149\n","timestamp":"2017-05-21T14:53:17.864Z"}
{"level":"info","message":"::1 - - [21/May/2017:14:53:17 +0000] \"GET /api/projects HTTP/1.1\" 404 151\n","timestamp":"2017-05-21T14:53:17.873Z"}
{"level":"info","message":"[Sun May 21 2017 17:53:17 GMT+0300 (+03)] Executing (default): SELECT `id`, `name`, `userName`, `password`, `email`, `major`, `created_at`, `updated_at` FROM `Users` AS `Users`;","timestamp":"2017-05-21T14:53:17.874Z"}
{"level":"info","message":"::1 - - [21/May/2017:14:53:17 +0000] \"GET /api/users HTTP/1.1\" 304 -\n","timestamp":"2017-05-21T14:53:17.880Z"}
